Fold 0
Model 0 best validation rmse = 0.953528 on epoch 9
Model 0 test rmse = 0.913336
Model 0 test mae = 0.607436
Model 0 test r2 = 0.705631
Model 1 best validation rmse = 0.958165 on epoch 9
Model 1 test rmse = 0.913731
Model 1 test mae = 0.607107
Model 1 test r2 = 0.705377
Model 2 best validation rmse = 0.939475 on epoch 8
Model 2 test rmse = 0.896177
Model 2 test mae = 0.599685
Model 2 test r2 = 0.716588
Model 3 best validation rmse = 0.967423 on epoch 8
Model 3 test rmse = 0.934783
Model 3 test mae = 0.614123
Model 3 test r2 = 0.691644
Model 4 best validation rmse = 0.944307 on epoch 9
Model 4 test rmse = 0.907505
Model 4 test mae = 0.602738
Model 4 test r2 = 0.709378
Model 5 best validation rmse = 0.976319 on epoch 9
Model 5 test rmse = 0.917453
Model 5 test mae = 0.609979
Model 5 test r2 = 0.702972
Model 6 best validation rmse = 0.955163 on epoch 9
Model 6 test rmse = 0.893281
Model 6 test mae = 0.603447
Model 6 test r2 = 0.718417
Model 7 best validation rmse = 0.948914 on epoch 9
Model 7 test rmse = 0.903944
Model 7 test mae = 0.604519
Model 7 test r2 = 0.711654
Model 8 best validation rmse = 0.957102 on epoch 9
Model 8 test rmse = 0.920605
Model 8 test mae = 0.612697
Model 8 test r2 = 0.700927
Model 9 best validation rmse = 0.949298 on epoch 7
Model 9 test rmse = 0.912739
Model 9 test mae = 0.612191
Model 9 test r2 = 0.706016
Model 10 best validation rmse = 0.961453 on epoch 6
Model 10 test rmse = 0.928263
Model 10 test mae = 0.622166
Model 10 test r2 = 0.695931
Model 11 best validation rmse = 0.953004 on epoch 8
Model 11 test rmse = 0.904947
Model 11 test mae = 0.608817
Model 11 test r2 = 0.711014
Model 12 best validation rmse = 0.949252 on epoch 8
Model 12 test rmse = 0.914455
Model 12 test mae = 0.611370
Model 12 test r2 = 0.704910
Model 13 best validation rmse = 0.959129 on epoch 6
Model 13 test rmse = 0.925079
Model 13 test mae = 0.621790
Model 13 test r2 = 0.698013
Model 14 best validation rmse = 0.952516 on epoch 9
Model 14 test rmse = 0.920105
Model 14 test mae = 0.607545
Model 14 test r2 = 0.701252
Model 15 best validation rmse = 0.935486 on epoch 9
Model 15 test rmse = 0.899772
Model 15 test mae = 0.599841
Model 15 test r2 = 0.714310
Model 16 best validation rmse = 0.952399 on epoch 8
Model 16 test rmse = 0.890427
Model 16 test mae = 0.596833
Model 16 test r2 = 0.720213
Model 17 best validation rmse = 0.962649 on epoch 9
Model 17 test rmse = 0.908079
Model 17 test mae = 0.604713
Model 17 test r2 = 0.709011
Model 18 best validation rmse = 0.957240 on epoch 8
Model 18 test rmse = 0.911174
Model 18 test mae = 0.610019
Model 18 test r2 = 0.707023
Model 19 best validation rmse = 0.966649 on epoch 8
Model 19 test rmse = 0.893991
Model 19 test mae = 0.600290
Model 19 test r2 = 0.717969
Model 20 best validation rmse = 0.958353 on epoch 8
Model 20 test rmse = 0.895344
Model 20 test mae = 0.590909
Model 20 test r2 = 0.717115
Model 21 best validation rmse = 0.960758 on epoch 9
Model 21 test rmse = 0.898592
Model 21 test mae = 0.600776
Model 21 test r2 = 0.715059
Model 22 best validation rmse = 0.957808 on epoch 9
Model 22 test rmse = 0.913916
Model 22 test mae = 0.613757
Model 22 test r2 = 0.705257
Model 23 best validation rmse = 0.941671 on epoch 8
Model 23 test rmse = 0.910347
Model 23 test mae = 0.608065
Model 23 test r2 = 0.707555
Model 24 best validation rmse = 0.946039 on epoch 9
Model 24 test rmse = 0.904108
Model 24 test mae = 0.601761
Model 24 test r2 = 0.711550
Ensemble test rmse = 0.880768
Ensemble test mae = 0.581839
Ensemble test r2 = 0.726251
1-fold cross validation
	Seed 123 ==> test rmse = 0.880768
	Seed 123 ==> test mae = 0.581839
	Seed 123 ==> test r2 = 0.726251
Overall test rmse = 0.880768 +/- 0.000000
Overall test mae = 0.581839 +/- 0.000000
Overall test r2 = 0.726251 +/- 0.000000
Fold 0
Model 0 best validation rmse = 1.673799 on epoch 0
Model 0 test rmse = 0.928919
Model 0 test mae = 0.544134
Model 0 test r2 = 0.872104
Model 1 best validation rmse = 1.748722 on epoch 3
Model 1 test rmse = 0.813479
Model 1 test mae = 0.459544
Model 1 test r2 = 0.900997
Model 2 best validation rmse = 1.509743 on epoch 1
Model 2 test rmse = 0.895802
Model 2 test mae = 0.514713
Model 2 test r2 = 0.880189
Model 3 best validation rmse = 1.607327 on epoch 0
Model 3 test rmse = 1.014910
Model 3 test mae = 0.594378
Model 3 test r2 = 0.848938
Model 4 best validation rmse = 1.703270 on epoch 3
Model 4 test rmse = 0.774207
Model 4 test mae = 0.432168
Model 4 test r2 = 0.910408
Model 5 best validation rmse = 1.623517 on epoch 0
Model 5 test rmse = 0.942622
Model 5 test mae = 0.545946
Model 5 test r2 = 0.869346
Model 6 best validation rmse = 1.571873 on epoch 9
Model 6 test rmse = 0.828086
Model 6 test mae = 0.459967
Model 6 test r2 = 0.897698
Model 7 best validation rmse = 1.688795 on epoch 2
Model 7 test rmse = 0.795073
Model 7 test mae = 0.439019
Model 7 test r2 = 0.905194
Model 8 best validation rmse = 1.577608 on epoch 3
Model 8 test rmse = 0.868309
Model 8 test mae = 0.495565
Model 8 test r2 = 0.887632
Model 9 best validation rmse = 1.589292 on epoch 2
Model 9 test rmse = 0.871386
Model 9 test mae = 0.502721
Model 9 test r2 = 0.886704
Model 10 best validation rmse = 1.793485 on epoch 0
Model 10 test rmse = 0.883497
Model 10 test mae = 0.492238
Model 10 test r2 = 0.884751
Model 11 best validation rmse = 1.530601 on epoch 1
Model 11 test rmse = 0.873070
Model 11 test mae = 0.496197
Model 11 test r2 = 0.886691
Model 12 best validation rmse = 1.591358 on epoch 0
Model 12 test rmse = 0.853372
Model 12 test mae = 0.485823
Model 12 test r2 = 0.891971
Model 13 best validation rmse = 1.574933 on epoch 0
Model 13 test rmse = 0.864956
Model 13 test mae = 0.480311
Model 13 test r2 = 0.887976
Model 14 best validation rmse = 1.561202 on epoch 1
Model 14 test rmse = 0.854125
Model 14 test mae = 0.486533
Model 14 test r2 = 0.891146
Model 15 best validation rmse = 1.630945 on epoch 9
Model 15 test rmse = 0.783878
Model 15 test mae = 0.431814
Model 15 test r2 = 0.907680
Model 16 best validation rmse = 1.728662 on epoch 0
Model 16 test rmse = 0.837046
Model 16 test mae = 0.458309
Model 16 test r2 = 0.895081
Model 17 best validation rmse = 1.559343 on epoch 6
Model 17 test rmse = 0.778926
Model 17 test mae = 0.429297
Model 17 test r2 = 0.909049
Model 18 best validation rmse = 1.682061 on epoch 0
Model 18 test rmse = 0.956630
Model 18 test mae = 0.554723
Model 18 test r2 = 0.865520
Model 19 best validation rmse = 1.619117 on epoch 0
Model 19 test rmse = 1.007515
Model 19 test mae = 0.602664
Model 19 test r2 = 0.851678
Model 20 best validation rmse = 1.672387 on epoch 2
Model 20 test rmse = 0.845473
Model 20 test mae = 0.475922
Model 20 test r2 = 0.892848
Model 21 best validation rmse = 1.610398 on epoch 4
Model 21 test rmse = 0.802927
Model 21 test mae = 0.441991
Model 21 test r2 = 0.903085
Model 22 best validation rmse = 1.633163 on epoch 1
Model 22 test rmse = 0.931020
Model 22 test mae = 0.538034
Model 22 test r2 = 0.871933
Model 23 best validation rmse = 1.611066 on epoch 0
Model 23 test rmse = 0.924807
Model 23 test mae = 0.528484
Model 23 test r2 = 0.874104
Model 24 best validation rmse = 1.484908 on epoch 8
Model 24 test rmse = 0.811886
Model 24 test mae = 0.452661
Model 24 test r2 = 0.901279
Ensemble test rmse = 0.826216
Ensemble test mae = 0.440758
Ensemble test r2 = 0.897182
1-fold cross validation
	Seed 123 ==> test rmse = 0.826216
	Seed 123 ==> test mae = 0.440758
	Seed 123 ==> test r2 = 0.897182
Overall test rmse = 0.826216 +/- 0.000000
Overall test mae = 0.440758 +/- 0.000000
Overall test r2 = 0.897182 +/- 0.000000
Elapsed time = 0:14:26
Fold 0
Model 0 best validation rmse = 1.653697 on epoch 4
Model 0 test rmse = 0.827783
Model 0 test mae = 0.490358
Model 0 test r2 = 0.897811
Model 1 best validation rmse = 1.687216 on epoch 8
Model 1 test rmse = 0.752158
Model 1 test mae = 0.432689
Model 1 test r2 = 0.915921
Model 2 best validation rmse = 1.467907 on epoch 6
Model 2 test rmse = 0.767182
Model 2 test mae = 0.430382
Model 2 test r2 = 0.912365
Model 3 best validation rmse = 1.652252 on epoch 2
Model 3 test rmse = 0.924685
Model 3 test mae = 0.575823
Model 3 test r2 = 0.874951
Model 4 best validation rmse = 1.594158 on epoch 6
Model 4 test rmse = 0.756146
Model 4 test mae = 0.429697
Model 4 test r2 = 0.915232
Model 5 best validation rmse = 1.536396 on epoch 3
Model 5 test rmse = 0.827498
Model 5 test mae = 0.474360
Model 5 test r2 = 0.898730
Model 6 best validation rmse = 1.519303 on epoch 0
Model 6 test rmse = 0.913173
Model 6 test mae = 0.556976
Model 6 test r2 = 0.877335
Model 7 best validation rmse = 1.558800 on epoch 2
Model 7 test rmse = 0.838901
Model 7 test mae = 0.489406
Model 7 test r2 = 0.895844
Model 8 best validation rmse = 1.548688 on epoch 3
Model 8 test rmse = 0.823356
Model 8 test mae = 0.479957
Model 8 test r2 = 0.900428
Model 9 best validation rmse = 1.548483 on epoch 1
Model 9 test rmse = 0.960163
Model 9 test mae = 0.603379
Model 9 test r2 = 0.867137
Model 10 best validation rmse = 1.735432 on epoch 5
Model 10 test rmse = 0.782358
Model 10 test mae = 0.427385
Model 10 test r2 = 0.909503
Model 11 best validation rmse = 1.520475 on epoch 1
Model 11 test rmse = 0.944586
Model 11 test mae = 0.559238
Model 11 test r2 = 0.870449
Model 12 best validation rmse = 1.558753 on epoch 9
Model 12 test rmse = 0.725276
Model 12 test mae = 0.407334
Model 12 test r2 = 0.922059
Model 13 best validation rmse = 1.554469 on epoch 7
Model 13 test rmse = 0.755440
Model 13 test mae = 0.412522
Model 13 test r2 = 0.913952
Model 14 best validation rmse = 1.579846 on epoch 4
Model 14 test rmse = 0.782449
Model 14 test mae = 0.439742
Model 14 test r2 = 0.908976
Model 15 best validation rmse = 1.511829 on epoch 4
Model 15 test rmse = 0.755601
Model 15 test mae = 0.411052
Model 15 test r2 = 0.914904
Model 16 best validation rmse = 1.585894 on epoch 1
Model 16 test rmse = 0.898178
Model 16 test mae = 0.542319
Model 16 test r2 = 0.881749
Model 17 best validation rmse = 1.480627 on epoch 3
Model 17 test rmse = 0.832056
Model 17 test mae = 0.511206
Model 17 test r2 = 0.898438
Model 18 best validation rmse = 1.600156 on epoch 5
Model 18 test rmse = 0.787807
Model 18 test mae = 0.445206
Model 18 test r2 = 0.907962
Model 19 best validation rmse = 1.592352 on epoch 9
Model 19 test rmse = 0.762153
Model 19 test mae = 0.424346
Model 19 test r2 = 0.913324
Model 20 best validation rmse = 1.560828 on epoch 4
Model 20 test rmse = 0.772910
Model 20 test mae = 0.443415
Model 20 test r2 = 0.911160
Model 21 best validation rmse = 1.535777 on epoch 5
Model 21 test rmse = 0.757188
Model 21 test mae = 0.424633
Model 21 test r2 = 0.913970
Model 22 best validation rmse = 1.639966 on epoch 7
Model 22 test rmse = 0.780805
Model 22 test mae = 0.437279
Model 22 test r2 = 0.908879
Model 23 best validation rmse = 1.607687 on epoch 8
Model 23 test rmse = 0.757031
Model 23 test mae = 0.419093
Model 23 test r2 = 0.914695
Model 24 best validation rmse = 1.449836 on epoch 5
Model 24 test rmse = 0.748569
Model 24 test mae = 0.425093
Model 24 test r2 = 0.916533
Ensemble test rmse = 0.745711
Ensemble test mae = 0.391143
Ensemble test r2 = 0.916266
1-fold cross validation
	Seed 123 ==> test rmse = 0.745711
	Seed 123 ==> test mae = 0.391143
	Seed 123 ==> test r2 = 0.916266
Overall test rmse = 0.745711 +/- 0.000000
Overall test mae = 0.391143 +/- 0.000000
Overall test r2 = 0.916266 +/- 0.000000
Elapsed time = 0:15:04
Fold 0
Model 0 best validation rmse = 1.687831 on epoch 0
Model 0 test rmse = 0.905624
Model 0 test mae = 0.521449
Model 0 test r2 = 0.878136
Model 1 best validation rmse = 1.738143 on epoch 8
Model 1 test rmse = 0.776409
Model 1 test mae = 0.446414
Model 1 test r2 = 0.909872
Model 2 best validation rmse = 1.496017 on epoch 0
Model 2 test rmse = 0.924956
Model 2 test mae = 0.543672
Model 2 test r2 = 0.872621
Model 3 best validation rmse = 1.672078 on epoch 0
Model 3 test rmse = 0.977483
Model 3 test mae = 0.568532
Model 3 test r2 = 0.859439
Model 4 best validation rmse = 1.654468 on epoch 1
Model 4 test rmse = 0.793025
Model 4 test mae = 0.445825
Model 4 test r2 = 0.906560
Model 5 best validation rmse = 1.634183 on epoch 0
Model 5 test rmse = 0.936364
Model 5 test mae = 0.553722
Model 5 test r2 = 0.870783
Model 6 best validation rmse = 1.566553 on epoch 1
Model 6 test rmse = 0.874719
Model 6 test mae = 0.505879
Model 6 test r2 = 0.887123
Model 7 best validation rmse = 1.660606 on epoch 5
Model 7 test rmse = 0.772733
Model 7 test mae = 0.418517
Model 7 test r2 = 0.910388
Model 8 best validation rmse = 1.578433 on epoch 3
Model 8 test rmse = 0.836813
Model 8 test mae = 0.472918
Model 8 test r2 = 0.895766
Model 9 best validation rmse = 1.592001 on epoch 0
Model 9 test rmse = 0.875445
Model 9 test mae = 0.493937
Model 9 test r2 = 0.886417
Model 10 best validation rmse = 1.773977 on epoch 2
Model 10 test rmse = 0.846695
Model 10 test mae = 0.471808
Model 10 test r2 = 0.893920
Model 11 best validation rmse = 1.503393 on epoch 1
Model 11 test rmse = 0.857227
Model 11 test mae = 0.493605
Model 11 test r2 = 0.890296
Model 12 best validation rmse = 1.604073 on epoch 0
Model 12 test rmse = 0.853556
Model 12 test mae = 0.493895
Model 12 test r2 = 0.892394
Model 13 best validation rmse = 1.563737 on epoch 1
Model 13 test rmse = 0.870356
Model 13 test mae = 0.499575
Model 13 test r2 = 0.887879
Model 14 best validation rmse = 1.542588 on epoch 1
Model 14 test rmse = 0.851407
Model 14 test mae = 0.493798
Model 14 test r2 = 0.891395
Model 15 best validation rmse = 1.602976 on epoch 3
Model 15 test rmse = 0.787815
Model 15 test mae = 0.438551
Model 15 test r2 = 0.907078
Model 16 best validation rmse = 1.728624 on epoch 1
Model 16 test rmse = 0.833026
Model 16 test mae = 0.469387
Model 16 test r2 = 0.896192
Model 17 best validation rmse = 1.515875 on epoch 3
Model 17 test rmse = 0.801014
Model 17 test mae = 0.462024
Model 17 test r2 = 0.905327
Model 18 best validation rmse = 1.689963 on epoch 5
Model 18 test rmse = 0.836390
Model 18 test mae = 0.466806
Model 18 test r2 = 0.896031
Model 19 best validation rmse = 1.662836 on epoch 2
Model 19 test rmse = 0.903820
Model 19 test mae = 0.526724
Model 19 test r2 = 0.879022
Model 20 best validation rmse = 1.657509 on epoch 2
Model 20 test rmse = 0.825539
Model 20 test mae = 0.469079
Model 20 test r2 = 0.897647
Model 21 best validation rmse = 1.594840 on epoch 4
Model 21 test rmse = 0.797232
Model 21 test mae = 0.448991
Model 21 test r2 = 0.904717
Model 22 best validation rmse = 1.629444 on epoch 0
Model 22 test rmse = 0.935601
Model 22 test mae = 0.552501
Model 22 test r2 = 0.870396
Model 23 best validation rmse = 1.631072 on epoch 8
Model 23 test rmse = 0.809100
Model 23 test mae = 0.449452
Model 23 test r2 = 0.902361
Model 24 best validation rmse = 1.460094 on epoch 4
Model 24 test rmse = 0.803162
Model 24 test mae = 0.450284
Model 24 test r2 = 0.904218
Ensemble test rmse = 0.804007
Ensemble test mae = 0.425805
Ensemble test r2 = 0.902560
1-fold cross validation
	Seed 123 ==> test rmse = 0.804007
	Seed 123 ==> test mae = 0.425805
	Seed 123 ==> test r2 = 0.902560
Overall test rmse = 0.804007 +/- 0.000000
Overall test mae = 0.425805 +/- 0.000000
Overall test r2 = 0.902560 +/- 0.000000
Elapsed time = 0:14:00
Fold 0
Model 0 best validation rmse = 1.653697 on epoch 4
Model 0 test rmse = 0.827783
Model 0 test mae = 0.490358
Model 0 test r2 = 0.897811
Model 1 best validation rmse = 1.687216 on epoch 8
Model 1 test rmse = 0.752158
Model 1 test mae = 0.432689
Model 1 test r2 = 0.915921
Model 2 best validation rmse = 1.467907 on epoch 6
Model 2 test rmse = 0.767182
Model 2 test mae = 0.430382
Model 2 test r2 = 0.912365
Model 3 best validation rmse = 1.652252 on epoch 2
Model 3 test rmse = 0.924685
Model 3 test mae = 0.575823
Model 3 test r2 = 0.874951
Model 4 best validation rmse = 1.594158 on epoch 6
Model 4 test rmse = 0.756146
Model 4 test mae = 0.429697
Model 4 test r2 = 0.915232
Model 5 best validation rmse = 1.536396 on epoch 3
Model 5 test rmse = 0.827498
Model 5 test mae = 0.474360
Model 5 test r2 = 0.898730
Model 6 best validation rmse = 1.519303 on epoch 0
Model 6 test rmse = 0.913173
Model 6 test mae = 0.556976
Model 6 test r2 = 0.877335
Model 7 best validation rmse = 1.558800 on epoch 2
Model 7 test rmse = 0.838901
Model 7 test mae = 0.489406
Model 7 test r2 = 0.895844
Model 8 best validation rmse = 1.548688 on epoch 3
Model 8 test rmse = 0.823356
Model 8 test mae = 0.479957
Model 8 test r2 = 0.900428
Model 9 best validation rmse = 1.548483 on epoch 1
Model 9 test rmse = 0.960163
Model 9 test mae = 0.603379
Model 9 test r2 = 0.867137
Model 10 best validation rmse = 1.735432 on epoch 5
Model 10 test rmse = 0.782358
Model 10 test mae = 0.427385
Model 10 test r2 = 0.909503
Model 11 best validation rmse = 1.520475 on epoch 1
Model 11 test rmse = 0.944586
Model 11 test mae = 0.559238
Model 11 test r2 = 0.870449
Model 12 best validation rmse = 1.558753 on epoch 9
Model 12 test rmse = 0.725276
Model 12 test mae = 0.407334
Model 12 test r2 = 0.922059
Model 13 best validation rmse = 1.554469 on epoch 7
Model 13 test rmse = 0.755440
Model 13 test mae = 0.412522
Model 13 test r2 = 0.913952
Model 14 best validation rmse = 1.579846 on epoch 4
Model 14 test rmse = 0.782449
Model 14 test mae = 0.439742
Model 14 test r2 = 0.908976
Model 15 best validation rmse = 1.511829 on epoch 4
Model 15 test rmse = 0.755601
Model 15 test mae = 0.411052
Model 15 test r2 = 0.914904
Model 16 best validation rmse = 1.585894 on epoch 1
Model 16 test rmse = 0.898178
Model 16 test mae = 0.542319
Model 16 test r2 = 0.881749
Model 17 best validation rmse = 1.480627 on epoch 3
Model 17 test rmse = 0.832056
Model 17 test mae = 0.511206
Model 17 test r2 = 0.898438
Model 18 best validation rmse = 1.600156 on epoch 5
Model 18 test rmse = 0.787807
Model 18 test mae = 0.445206
Model 18 test r2 = 0.907962
Model 19 best validation rmse = 1.592352 on epoch 9
Model 19 test rmse = 0.762153
Model 19 test mae = 0.424346
Model 19 test r2 = 0.913324
Model 20 best validation rmse = 1.560828 on epoch 4
Model 20 test rmse = 0.772910
Model 20 test mae = 0.443415
Model 20 test r2 = 0.911160
Model 21 best validation rmse = 1.535777 on epoch 5
Model 21 test rmse = 0.757188
Model 21 test mae = 0.424633
Model 21 test r2 = 0.913970
Model 22 best validation rmse = 1.639966 on epoch 7
Model 22 test rmse = 0.780805
Model 22 test mae = 0.437279
Model 22 test r2 = 0.908879
Model 23 best validation rmse = 1.607687 on epoch 8
Model 23 test rmse = 0.757031
Model 23 test mae = 0.419093
Model 23 test r2 = 0.914695
Model 24 best validation rmse = 1.449836 on epoch 5
Model 24 test rmse = 0.748569
Model 24 test mae = 0.425093
Model 24 test r2 = 0.916533
Ensemble test rmse = 0.745711
Ensemble test mae = 0.391143
Ensemble test r2 = 0.916266
1-fold cross validation
	Seed 123 ==> test rmse = 0.745711
	Seed 123 ==> test mae = 0.391143
	Seed 123 ==> test r2 = 0.916266
Overall test rmse = 0.745711 +/- 0.000000
Overall test mae = 0.391143 +/- 0.000000
Overall test r2 = 0.916266 +/- 0.000000
Elapsed time = 0:14:06
Fold 0
Model 0 best validation rmse = 0.983352 on epoch 6
Model 0 test rmse = 0.963969
Model 0 test mae = 0.657249
Model 0 test r2 = 0.672088
Model 1 best validation rmse = 0.991940 on epoch 8
Model 1 test rmse = 0.971935
Model 1 test mae = 0.658602
Model 1 test r2 = 0.666647
Model 2 best validation rmse = 0.950623 on epoch 8
Model 2 test rmse = 0.954993
Model 2 test mae = 0.638225
Model 2 test r2 = 0.678167
Model 3 best validation rmse = 1.002231 on epoch 6
Model 3 test rmse = 1.009676
Model 3 test mae = 0.677912
Model 3 test r2 = 0.640256
Model 4 best validation rmse = 0.981744 on epoch 9
Model 4 test rmse = 0.955633
Model 4 test mae = 0.652330
Model 4 test r2 = 0.677735
Model 5 best validation rmse = 0.978864 on epoch 9
Model 5 test rmse = 0.965845
Model 5 test mae = 0.645905
Model 5 test r2 = 0.670811
Model 6 best validation rmse = 0.980523 on epoch 7
Model 6 test rmse = 0.950547
Model 6 test mae = 0.648082
Model 6 test r2 = 0.681156
Model 7 best validation rmse = 0.966408 on epoch 9
Model 7 test rmse = 0.951641
Model 7 test mae = 0.637200
Model 7 test r2 = 0.680422
Model 8 best validation rmse = 0.980411 on epoch 8
Model 8 test rmse = 0.963794
Model 8 test mae = 0.652985
Model 8 test r2 = 0.672208
Model 9 best validation rmse = 0.972716 on epoch 6
Model 9 test rmse = 0.956509
Model 9 test mae = 0.657752
Model 9 test r2 = 0.677144
Model 10 best validation rmse = 0.990280 on epoch 8
Model 10 test rmse = 0.959028
Model 10 test mae = 0.644860
Model 10 test r2 = 0.675441
Model 11 best validation rmse = 0.984052 on epoch 6
Model 11 test rmse = 0.976744
Model 11 test mae = 0.658242
Model 11 test r2 = 0.663340
Model 12 best validation rmse = 0.978296 on epoch 6
Model 12 test rmse = 0.968118
Model 12 test mae = 0.655213
Model 12 test r2 = 0.669260
Model 13 best validation rmse = 0.982345 on epoch 8
Model 13 test rmse = 0.962462
Model 13 test mae = 0.649878
Model 13 test r2 = 0.673113
Model 14 best validation rmse = 0.978064 on epoch 5
Model 14 test rmse = 0.982639
Model 14 test mae = 0.668760
Model 14 test r2 = 0.659264
Model 15 best validation rmse = 0.964957 on epoch 9
Model 15 test rmse = 0.947647
Model 15 test mae = 0.637476
Model 15 test r2 = 0.683099
Model 16 best validation rmse = 0.969833 on epoch 5
Model 16 test rmse = 0.968622
Model 16 test mae = 0.654201
Model 16 test r2 = 0.668915
Model 17 best validation rmse = 0.974363 on epoch 6
Model 17 test rmse = 0.945953
Model 17 test mae = 0.639737
Model 17 test r2 = 0.684231
Model 18 best validation rmse = 0.986772 on epoch 9
Model 18 test rmse = 0.939074
Model 18 test mae = 0.644689
Model 18 test r2 = 0.688807
Model 19 best validation rmse = 0.996621 on epoch 8
Model 19 test rmse = 0.926719
Model 19 test mae = 0.619396
Model 19 test r2 = 0.696941
Model 20 best validation rmse = 0.973931 on epoch 6
Model 20 test rmse = 0.956422
Model 20 test mae = 0.640155
Model 20 test r2 = 0.677203
Model 21 best validation rmse = 0.977754 on epoch 9
Model 21 test rmse = 0.954490
Model 21 test mae = 0.648513
Model 21 test r2 = 0.678506
Model 22 best validation rmse = 0.963440 on epoch 7
Model 22 test rmse = 0.965653
Model 22 test mae = 0.658258
Model 22 test r2 = 0.670942
Model 23 best validation rmse = 0.961971 on epoch 8
Model 23 test rmse = 0.948741
Model 23 test mae = 0.649239
Model 23 test r2 = 0.682367
Model 24 best validation rmse = 0.997023 on epoch 6
Model 24 test rmse = 0.963309
Model 24 test mae = 0.654086
Model 24 test r2 = 0.672538
Ensemble test rmse = 0.907782
Ensemble test mae = 0.600649
Ensemble test r2 = 0.709201
1-fold cross validation
	Seed 123 ==> test rmse = 0.907782
	Seed 123 ==> test mae = 0.600649
	Seed 123 ==> test r2 = 0.709201
Overall test rmse = 0.907782 +/- 0.000000
Overall test mae = 0.600649 +/- 0.000000
Overall test r2 = 0.709201 +/- 0.000000
